<?xml version="1.0" encoding="utf-8"?><testsuites name="pytest tests"><testsuite name="pytest" errors="0" failures="0" skipped="0" tests="14" time="9.559" timestamp="2026-07-06T19:42:29.529787+00:00" hostname="agent-env-bba8d33c-b636-49ed-bd76-780e56096d79"><testcase classname="backend.tests.test_iter5_tasks.TestDemoSeeding" name="test_first_get_seeds_6_tasks" time="0.632" /><testcase classname="backend.tests.test_iter5_tasks.TestDemoSeeding" name="test_seeded_task_shapes" time="0.122" /><testcase classname="backend.tests.test_iter5_tasks.TestDemoSeeding" name="test_second_get_does_not_duplicate" time="0.219" /><testcase classname="backend.tests.test_iter5_tasks.TestCheckin" name="test_checkin_recurring_increments_only" time="0.236" /><testcase classname="backend.tests.test_iter5_tasks.TestCheckin" name="test_checkin_recurring_final_completes" time="0.308" /><testcase classname="backend.tests.test_iter5_tasks.TestCheckin" name="test_checkin_one_time_completes_immediately" time="0.247" /><testcase classname="backend.tests.test_iter5_tasks.TestCheckin" name="test_checkin_on_completed_is_noop" time="0.292" /><testcase classname="backend.tests.test_iter5_tasks.TestOtherActions" name="test_backfill_marks_completed_without_increment" time="0.529" /><testcase classname="backend.tests.test_iter5_tasks.TestOtherActions" name="test_favorite_toggle" time="0.578" /><testcase classname="backend.tests.test_iter5_tasks.TestOtherActions" name="test_rating_valid_persists" time="0.600" /><testcase classname="backend.tests.test_iter5_tasks.TestOtherActions" name="test_rating_invalid_rejected" time="0.211" /><testcase classname="backend.tests.test_iter5_tasks.TestOtherActions" name="test_delete_task" time="0.333" /><testcase classname="backend.tests.test_iter5_tasks.TestClearCompleted" name="test_clear_completed_preserves_favorited" time="1.293" /><testcase classname="backend.tests.test_iter5_tasks.TestChatTaskGeneration" name="test_chat_generates_tasks" time="3.811" /></testsuite></testsuites>