<?xml version="1.0" encoding="utf-8"?><testsuites name="pytest tests"><testsuite name="pytest" errors="0" failures="0" skipped="0" tests="14" time="3.712" timestamp="2026-06-22T02:27:11.131972+00:00" hostname="agent-env-bba8d33c-b636-49ed-bd76-780e56096d79"><testcase classname="backend.tests.test_iter3_auth.TestRegister" name="test_register_returns_token_and_profile" time="0.546" /><testcase classname="backend.tests.test_iter3_auth.TestRegister" name="test_register_duplicate_email_400" time="0.131" /><testcase classname="backend.tests.test_iter3_auth.TestRegister" name="test_register_invalid_password_too_short" time="0.102" /><testcase classname="backend.tests.test_iter3_auth.TestLogin" name="test_login_success" time="0.314" /><testcase classname="backend.tests.test_iter3_auth.TestLogin" name="test_login_wrong_password_401" time="0.361" /><testcase classname="backend.tests.test_iter3_auth.TestLogin" name="test_login_nonexistent_email_401" time="0.139" /><testcase classname="backend.tests.test_iter3_auth.TestMe" name="test_me_with_valid_token" time="0.093" /><testcase classname="backend.tests.test_iter3_auth.TestMe" name="test_me_without_token_401" time="0.091" /><testcase classname="backend.tests.test_iter3_auth.TestMe" name="test_me_invalid_token_401" time="0.098" /><testcase classname="backend.tests.test_iter3_auth.TestMe" name="test_update_me_persists" time="0.266" /><testcase classname="backend.tests.test_iter3_auth.TestSoftScoping" name="test_children_scoped_to_user" time="0.816" /><testcase classname="backend.tests.test_iter3_auth.TestSoftScoping" name="test_legacy_visible_without_token" time="0.099" /><testcase classname="backend.tests.test_iter3_auth.TestSoftScoping" name="test_tasks_scoped" time="0.094" /><testcase classname="backend.tests.test_iter3_auth.TestSoftScoping" name="test_favorites_scoped" time="0.417" /></testsuite></testsuites>