<?xml version="1.0" encoding="utf-8"?><testsuites name="pytest tests"><testsuite name="pytest" errors="0" failures="0" skipped="0" tests="10" time="3.636" timestamp="2026-07-04T17:17:58.853297+00:00" hostname="agent-env-bba8d33c-b636-49ed-bd76-780e56096d79"><testcase classname="backend.tests.test_iter4_onboarding.TestRegisterMinimal" name="test_register_only_email_password" time="0.485" /><testcase classname="backend.tests.test_iter4_onboarding.TestRegisterMinimal" name="test_register_short_password_rejected" time="0.093" /><testcase classname="backend.tests.test_iter4_onboarding.TestRegisterMinimal" name="test_register_duplicate_400" time="0.373" /><testcase classname="backend.tests.test_iter4_onboarding.TestOnboardingPersistence" name="test_put_me_persists_all_onboarding_fields" time="0.406" /><testcase classname="backend.tests.test_iter4_onboarding.TestOnboardingPersistence" name="test_put_me_accepts_arbitrary_concern_strings" time="0.416" /><testcase classname="backend.tests.test_iter4_onboarding.TestOnboardingPersistence" name="test_put_me_partial_update_preserves_other_fields" time="0.422" /><testcase classname="backend.tests.test_iter4_onboarding.TestOnboardingPersistence" name="test_put_me_skip_step3_only_updates_onboarding_flag" time="0.371" /><testcase classname="backend.tests.test_iter4_onboarding.TestOnboardingPersistence" name="test_put_me_requires_auth" time="0.127" /><testcase classname="backend.tests.test_iter4_onboarding.TestLegacyUser" name="test_legacy_user_login_and_onboarding_flag" time="0.327" /><testcase classname="backend.tests.test_iter4_onboarding.TestOnboardingE2E" name="test_new_user_full_flow" time="0.476" /></testsuite></testsuites>