<?xml version="1.0" encoding="utf-8"?><testsuites name="pytest tests"><testsuite name="pytest" errors="0" failures="0" skipped="0" tests="16" time="2.552" timestamp="2026-07-11T22:33:16.702886+00:00" hostname="agent-env-bba8d33c-b636-49ed-bd76-780e56096d79"><testcase classname="backend.tests.test_iter7_nuri_convo.TestConversationBase" name="test_get_creates_empty_conversation" time="0.573" /><testcase classname="backend.tests.test_iter7_nuri_convo.TestConversationBase" name="test_get_returns_same_conversation" time="0.096" /><testcase classname="backend.tests.test_iter7_nuri_convo.TestOpenTopic" name="test_open_topic_food_picky_appends_opener" time="0.049" /><testcase classname="backend.tests.test_iter7_nuri_convo.TestOpenTopic" name="test_open_topic_idempotent_no_duplicate" time="0.093" /><testcase classname="backend.tests.test_iter7_nuri_convo.TestScriptFlow" name="test_step1_food_neophobia_text" time="0.048" /><testcase classname="backend.tests.test_iter7_nuri_convo.TestScriptFlow" name="test_step2_status_text_and_task_cards" time="0.050" /><testcase classname="backend.tests.test_iter7_nuri_convo.TestScriptFlow" name="test_step3_shrimp_answer" time="0.048" /><testcase classname="backend.tests.test_iter7_nuri_convo.TestScriptFlow" name="test_step4_fallback_rotation" time="0.051" /><testcase classname="backend.tests.test_iter7_nuri_convo.TestAddTaskFromCard" name="test_add_first_task_creates_task" time="0.049" /><testcase classname="backend.tests.test_iter7_nuri_convo.TestAddTaskFromCard" name="test_task_appears_in_tasks_list" time="0.052" /><testcase classname="backend.tests.test_iter7_nuri_convo.TestAddTaskFromCard" name="test_second_add_returns_already" time="0.097" /><testcase classname="backend.tests.test_iter7_nuri_convo.TestAddTaskFromCard" name="test_added_flag_persists_in_conversation" time="0.051" /><testcase classname="backend.tests.test_iter7_nuri_convo.TestOtherScripts" name="test_bilingual_school_step2_has_task_cards" time="0.514" /><testcase classname="backend.tests.test_iter7_nuri_convo.TestOtherScripts" name="test_baby_monitor_step2_has_task_cards" time="0.467" /><testcase classname="backend.tests.test_iter7_nuri_convo.TestErrorCases" name="test_add_task_invalid_message_id" time="0.047" /><testcase classname="backend.tests.test_iter7_nuri_convo.TestErrorCases" name="test_send_empty_content_rejected" time="0.046" /></testsuite></testsuites>