<?xml version="1.0" encoding="utf-8"?><testsuites name="pytest tests"><testsuite name="pytest" errors="0" failures="0" skipped="0" tests="9" time="1.758" timestamp="2026-06-20T20:25:19.756726+00:00" hostname="agent-env-bba8d33c-b636-49ed-bd76-780e56096d79"><testcase classname="backend.tests.test_parenting_api" name="test_feed_returns_six_cards" time="0.257" /><testcase classname="backend.tests.test_parenting_api" name="test_child_crud" time="0.254" /><testcase classname="backend.tests.test_parenting_api" name="test_chat_session_card_seeds_message" time="0.089" /><testcase classname="backend.tests.test_parenting_api" name="test_chat_advances_and_generates_tasks" time="0.523" /><testcase classname="backend.tests.test_parenting_api" name="test_image_upload_switches_to_emergency" time="0.087" /><testcase classname="backend.tests.test_parenting_api" name="test_task_patch_done_and_reflection" time="0.085" /><testcase classname="backend.tests.test_parenting_api" name="test_task_insights" time="0.046" /><testcase classname="backend.tests.test_parenting_api" name="test_privacy_get_put" time="0.137" /><testcase classname="backend.tests.test_parenting_api" name="test_privacy_wipe" time="0.208" /></testsuite></testsuites>