<?xml version="1.0" encoding="utf-8"?><testsuites name="pytest tests"><testsuite name="pytest" errors="0" failures="0" skipped="0" tests="21" time="3.529" timestamp="2026-06-21T22:27:16.079066+00:00" hostname="agent-env-bba8d33c-b636-49ed-bd76-780e56096d79"><testcase classname="backend.tests.test_iter2_detail_fav" name="test_card_detail_has_body_tags_hook[card_food_picky]" time="0.273" /><testcase classname="backend.tests.test_iter2_detail_fav" name="test_card_detail_has_body_tags_hook[card_bilingual_school]" time="0.062" /><testcase classname="backend.tests.test_iter2_detail_fav" name="test_card_detail_has_body_tags_hook[card_baby_monitor]" time="0.052" /><testcase classname="backend.tests.test_iter2_detail_fav" name="test_card_detail_has_body_tags_hook[card_sleep_routine]" time="0.051" /><testcase classname="backend.tests.test_iter2_detail_fav" name="test_card_detail_has_body_tags_hook[card_screen_time]" time="0.057" /><testcase classname="backend.tests.test_iter2_detail_fav" name="test_card_detail_has_body_tags_hook[card_thermometer]" time="0.053" /><testcase classname="backend.tests.test_iter2_detail_fav" name="test_card_detail_food_picky_mentions_18_months" time="0.048" /><testcase classname="backend.tests.test_iter2_detail_fav" name="test_card_detail_404_for_unknown" time="0.049" /><testcase classname="backend.tests.test_iter2_detail_fav" name="test_alt_card_excludes_id" time="0.537" /><testcase classname="backend.tests.test_iter2_detail_fav" name="test_alt_card_no_exclude" time="0.049" /><testcase classname="backend.tests.test_iter2_detail_fav" name="test_favorites_toggle_and_list" time="0.317" /><testcase classname="backend.tests.test_iter2_detail_fav" name="test_favorites_multiple" time="0.488" /><testcase classname="backend.tests.test_parenting_api" name="test_feed_returns_six_cards" time="0.141" /><testcase classname="backend.tests.test_parenting_api" name="test_child_crud" time="0.232" /><testcase classname="backend.tests.test_parenting_api" name="test_chat_session_card_seeds_message" time="0.123" /><testcase classname="backend.tests.test_parenting_api" name="test_chat_advances_and_generates_tasks" time="0.285" /><testcase classname="backend.tests.test_parenting_api" name="test_image_upload_switches_to_emergency" time="0.078" /><testcase classname="backend.tests.test_parenting_api" name="test_task_patch_done_and_reflection" time="0.083" /><testcase classname="backend.tests.test_parenting_api" name="test_task_insights" time="0.080" /><testcase classname="backend.tests.test_parenting_api" name="test_privacy_get_put" time="0.118" /><testcase classname="backend.tests.test_parenting_api" name="test_privacy_wipe" time="0.200" /></testsuite></testsuites>